


ARM Macro Assembler    Page 1 


    1 00000000         ;/******************************************************
                       ********************//**
    2 00000000         ; * @file     startup_gr55xx.s
    3 00000000         ; * @brief    CMSIS Cortex-M ARMv7-M based Core Device S
                       tartup File for
    4 00000000         ; *           Device GR55xx
    5 00000000         ; * @version  V1.00
    6 00000000         ; * @date     12. June 2018
    7 00000000         ; *
    8 00000000         ; * @note
    9 00000000         ; *
   10 00000000         ; ******************************************************
                       ************************/
   11 00000000         ;/* Copyright (c) 2016-2018, Shenzhen Huiding Technology
                        Co., Ltd
   12 00000000         ;
   13 00000000         ;   All rights reserved.
   14 00000000         ;   Redistribution and use in source and binary forms, w
                       ith or without
   15 00000000         ;   modification, are permitted provided that the follow
                       ing conditions are met:
   16 00000000         ;   - Redistributions of source code must retain the abo
                       ve copyright
   17 00000000         ;     notice, this list of conditions and the following 
                       disclaimer.
   18 00000000         ;   - Redistributions in binary form must reproduce the 
                       above copyright
   19 00000000         ;     notice, this list of conditions and the following 
                       disclaimer in the
   20 00000000         ;     documentation and/or other materials provided with
                        the distribution.
   21 00000000         ;   - Neither the name of ARM nor the names of its contr
                       ibutors may be used
   22 00000000         ;     to endorse or promote products derived from this s
                       oftware without
   23 00000000         ;     specific prior written permission.
   24 00000000         ;   *
   25 00000000         ;   THIS SOFTWARE IS PROVIDED BY THE COPYRIGHT HOLDERS A
                       ND CONTRIBUTORS "AS IS"
   26 00000000         ;   AND ANY EXPRESS OR IMPLIED WARRANTIES, INCLUDING, BU
                       T NOT LIMITED TO, THE
   27 00000000         ;   IMPLIED WARRANTIES OF MERCHANTABILITY AND FITNESS FO
                       R A PARTICULAR PURPOSE
   28 00000000         ;   ARE DISCLAIMED. IN NO EVENT SHALL COPYRIGHT HOLDERS 
                       AND CONTRIBUTORS BE
   29 00000000         ;   LIABLE FOR ANY DIRECT, INDIRECT, INCIDENTAL, SPECIAL
                       , EXEMPLARY, OR
   30 00000000         ;   CONSEQUENTIAL DAMAGES (INCLUDING, BUT NOT LIMITED TO
                       , PROCUREMENT OF
   31 00000000         ;   SUBSTITUTE GOODS OR SERVICES; LOSS OF USE, DATA, OR 
                       PROFITS; OR BUSINESS
   32 00000000         ;   INTERRUPTION) HOWEVER CAUSED AND ON ANY THEORY OF LI
                       ABILITY, WHETHER IN
   33 00000000         ;   CONTRACT, STRICT LIABILITY, OR TORT (INCLUDING NEGLI
                       GENCE OR OTHERWISE)
   34 00000000         ;   ARISING IN ANY WAY OUT OF THE USE OF THIS SOFTWARE, 
                       EVEN IF ADVISED OF THE
   35 00000000         ;   POSSIBILITY OF SUCH DAMAGE.
   36 00000000         ;   ----------------------------------------------------



ARM Macro Assembler    Page 2 


                       -----------------------*/
   37 00000000         ;/*
   38 00000000         ;//-------- <<< Use Configuration Wizard in Context Menu
                        >>> ------------------
   39 00000000         ;*/
   40 00000000                 IF               :DEF:NO_SCATTER
   64                          ENDIF                        ; NO_SCATTER
   65 00000000         
   66 00000000         
   67 00000000                 PRESERVE8
   68 00000000                 THUMB
   69 00000000         
   70 00000000         
   71 00000000         ; Vector Table Mapped to Address 0 at Reset
   72 00000000         
   73 00000000                 AREA             RESET, DATA, READONLY
   74 00000000                 EXPORT           __Vectors
   75 00000000                 EXPORT           __Vectors_End
   76 00000000                 EXPORT           __Vectors_Size
   77 00000000                 IMPORT           SysTick_Handler
   78 00000000                 IMPORT           SVC_Handler
   79 00000000                 IMPORT           BLE_IRQHandler
   80 00000000                 IMPORT           BLESLP_IRQHandler
   81 00000000                 IMPORT           BLE_SDK_Handler
   82 00000000                 IF               :DEF:NO_SCATTER
   87 00000000         
   88 00000000                 IMPORT           |Image$$ARM_LIB_STACKHEAP$$ZI$$
Limit|
   89 00000000         
   90 00000000 00000000 
                       __Vectors
                               DCD              |Image$$ARM_LIB_STACKHEAP$$ZI$$
Limit| 
                                                            ; Top of Stack
   91 00000004         
   92 00000004                 ENDIF
   93 00000004         
   94 00000004 00000000        DCD              Reset_Handler ; Reset Handler
   95 00000008 00000000        DCD              NMI_Handler ; NMI Handler
   96 0000000C 00000000        DCD              HardFault_Handler ; Hard Fault 
                                                            Handler
   97 00000010 00000000        DCD              MemManage_Handler 
                                                            ; MPU Fault Handler
                                                            
   98 00000014 00000000        DCD              BusFault_Handler 
                                                            ; Bus Fault Handler
                                                            
   99 00000018 00000000        DCD              UsageFault_Handler ; Usage Faul
                                                            t Handler
  100 0000001C 00000000        DCD              0           ; Reserved
  101 00000020 00000000        DCD              0           ; Reserved
  102 00000024 00000000        DCD              0           ; Reserved
  103 00000028 00000000        DCD              0           ; Reserved
  104 0000002C 00000000        DCD              SVC_Handler ; SVCall Handler
  105 00000030 00000000        DCD              DebugMon_Handler ; Debug Monito
                                                            r Handler
  106 00000034 00000000        DCD              0           ; Reserved
  107 00000038 00000000        DCD              PendSV_Handler ; PendSV Handler
                                                            



ARM Macro Assembler    Page 3 


  108 0000003C 00000000        DCD              SysTick_Handler 
                                                            ; SysTick Handler
  109 00000040         
  110 00000040         ; External Interrupts
  111 00000040 00000000        DCD              WDT_IRQHandler
  112 00000044 00000000        DCD              BLE_SDK_Handler
  113 00000048 00000000        DCD              BLE_IRQHandler
  114 0000004C 00000000        DCD              DMA_IRQHandler
  115 00000050 00000000        DCD              SPI_M_IRQHandler
  116 00000054 00000000        DCD              SPI_S_IRQHandler
  117 00000058 00000000        DCD              EXT0_IRQHandler
  118 0000005C 00000000        DCD              EXT1_IRQHandler
  119 00000060 00000000        DCD              TIMER0_IRQHandler
  120 00000064 00000000        DCD              TIMER1_IRQHandler
  121 00000068 00000000        DCD              DUAL_TIMER_IRQHandler
  122 0000006C 00000000        DCD              QSPI0_IRQHandler
  123 00000070 00000000        DCD              UART0_IRQHandler
  124 00000074 00000000        DCD              UART1_IRQHandler
  125 00000078 00000000        DCD              I2C0_IRQHandler
  126 0000007C 00000000        DCD              I2C1_IRQHandler
  127 00000080 00000000        DCD              AES_IRQHandler
  128 00000084 00000000        DCD              HMAC_IRQHandler
  129 00000088 00000000        DCD              EXT2_IRQHandler
  130 0000008C 00000000        DCD              RNG_IRQHandler
  131 00000090 00000000        DCD              PMU_IRQHandler
  132 00000094 00000000        DCD              PKC_IRQHandler
  133 00000098 00000000        DCD              XQSPI_IRQHandler
  134 0000009C 00000000        DCD              QSPI1_IRQHandler
  135 000000A0 00000000        DCD              PWR_CMD_IRQHandler
  136 000000A4 00000000        DCD              BLESLP_IRQHandler
  137 000000A8 00000000        DCD              SLPTIMER_IRQHandler
  138 000000AC 00000000        DCD              COMP_IRQHandler
  139 000000B0 00000000        DCD              AON_WDT_IRQHandler
  140 000000B4 00000000        DCD              I2S_M_IRQHandler
  141 000000B8 00000000        DCD              I2S_S_IRQHandler
  142 000000BC 00000000        DCD              ISO7816_IRQHandler
  143 000000C0 00000000        DCD              PRESENT_IRQHandler
  144 000000C4 00000000        DCD              CALENDAR_IRQHandler
  145 000000C8         
  146 000000C8         __Vectors_End
  147 000000C8         
  148 000000C8 000000C8 
                       __Vectors_Size
                               EQU              __Vectors_End - __Vectors
  149 000000C8         
  150 000000C8                 AREA             |.text|, CODE, READONLY
  151 00000000         
  152 00000000         
  153 00000000         ; Reset Handler
  154 00000000         
  155 00000000         Reset_Handler
                               PROC
  156 00000000                 EXPORT           Reset_Handler             [WEAK
]
  157 00000000                 IMPORT           SystemInit
  158 00000000                 IMPORT           set_msp
  159 00000000                 IMPORT           main_init
  160 00000000 4806            LDR              R0, =set_msp
  161 00000002 4780            BLX              R0



ARM Macro Assembler    Page 4 


  162 00000004 4806            LDR              R0, =SystemInit
  163 00000006 4780            BLX              R0
  164 00000008 4806            LDR              R0, =main_init
  165 0000000A 4700            BX               R0
  166 0000000C                 ENDP
  167 0000000C         
  168 0000000C         ; Dummy Exception Handlers (infinite loops which can be 
                       modified)
  169 0000000C         
  170 0000000C         NMI_Handler
                               PROC
  171 0000000C                 EXPORT           NMI_Handler               [WEAK
]
  172 0000000C E7FE            B                .
  173 0000000E                 ENDP
  175 0000000E         HardFault_Handler
                               PROC
  176 0000000E                 EXPORT           HardFault_Handler         [WEAK
]
  177 0000000E E7FE            B                .
  178 00000010                 ENDP
  180 00000010         MemManage_Handler
                               PROC
  181 00000010                 EXPORT           MemManage_Handler         [WEAK
]
  182 00000010 E7FE            B                .
  183 00000012                 ENDP
  185 00000012         BusFault_Handler
                               PROC
  186 00000012                 EXPORT           BusFault_Handler          [WEAK
]
  187 00000012 E7FE            B                .
  188 00000014                 ENDP
  190 00000014         UsageFault_Handler
                               PROC
  191 00000014                 EXPORT           UsageFault_Handler        [WEAK
]
  192 00000014 E7FE            B                .
  193 00000016                 ENDP
  195 00000016         DebugMon_Handler
                               PROC
  196 00000016                 EXPORT           DebugMon_Handler          [WEAK
]
  197 00000016 E7FE            B                .
  198 00000018                 ENDP
  199 00000018         PendSV_Handler
                               PROC
  200 00000018                 EXPORT           PendSV_Handler            [WEAK
]
  201 00000018 E7FE            B                .
  202 0000001A                 ENDP
  203 0000001A         
  204 0000001A         Default_Handler
                               PROC
  205 0000001A                 EXPORT           WDT_IRQHandler            [WEAK
]
  206 0000001A                 EXPORT           Default_Handler           [WEAK
]
  207 0000001A                 EXPORT           DMA_IRQHandler            [WEAK



ARM Macro Assembler    Page 5 


]
  208 0000001A                 EXPORT           SPI_M_IRQHandler          [WEAK
]
  209 0000001A                 EXPORT           SPI_S_IRQHandler          [WEAK
]
  210 0000001A                 EXPORT           EXT0_IRQHandler           [WEAK
]
  211 0000001A                 EXPORT           EXT1_IRQHandler           [WEAK
]
  212 0000001A                 EXPORT           TIMER0_IRQHandler         [WEAK
]
  213 0000001A                 EXPORT           TIMER1_IRQHandler         [WEAK
]
  214 0000001A                 EXPORT           DUAL_TIMER_IRQHandler     [WEAK
]
  215 0000001A                 EXPORT           QSPI0_IRQHandler          [WEAK
]
  216 0000001A                 EXPORT           UART0_IRQHandler          [WEAK
]
  217 0000001A                 EXPORT           UART1_IRQHandler          [WEAK
]
  218 0000001A                 EXPORT           I2C0_IRQHandler           [WEAK
]
  219 0000001A                 EXPORT           I2C1_IRQHandler           [WEAK
]
  220 0000001A                 EXPORT           AES_IRQHandler            [WEAK
]
  221 0000001A                 EXPORT           HMAC_IRQHandler           [WEAK
]
  222 0000001A                 EXPORT           EXT2_IRQHandler           [WEAK
]
  223 0000001A                 EXPORT           RNG_IRQHandler            [WEAK
]
  224 0000001A                 EXPORT           PMU_IRQHandler            [WEAK
]
  225 0000001A                 EXPORT           PKC_IRQHandler            [WEAK
]
  226 0000001A                 EXPORT           XQSPI_IRQHandler          [WEAK
]
  227 0000001A                 EXPORT           QSPI1_IRQHandler          [WEAK
]
  228 0000001A                 EXPORT           PWR_CMD_IRQHandler        [WEAK
]
  229 0000001A                 EXPORT           SLPTIMER_IRQHandler       [WEAK
]
  230 0000001A                 EXPORT           COMP_IRQHandler           [WEAK
]
  231 0000001A                 EXPORT           AON_WDT_IRQHandler        [WEAK
]
  232 0000001A                 EXPORT           I2S_M_IRQHandler          [WEAK
]
  233 0000001A                 EXPORT           I2S_S_IRQHandler          [WEAK
]
  234 0000001A                 EXPORT           ISO7816_IRQHandler        [WEAK
]
  235 0000001A                 EXPORT           PRESENT_IRQHandler        [WEAK
]
  236 0000001A                 EXPORT           CALENDAR_IRQHandler       [WEAK
]



ARM Macro Assembler    Page 6 


  237 0000001A         
  238 0000001A         
  239 0000001A         WDT_IRQHandler
  240 0000001A         DMA_IRQHandler
  241 0000001A         SPI_M_IRQHandler
  242 0000001A         SPI_S_IRQHandler
  243 0000001A         EXT0_IRQHandler
  244 0000001A         EXT1_IRQHandler
  245 0000001A         TIMER0_IRQHandler
  246 0000001A         TIMER1_IRQHandler
  247 0000001A         DUAL_TIMER_IRQHandler
  248 0000001A         QSPI0_IRQHandler
  249 0000001A         UART0_IRQHandler
  250 0000001A         UART1_IRQHandler
  251 0000001A         I2C0_IRQHandler
  252 0000001A         I2C1_IRQHandler
  253 0000001A         AES_IRQHandler
  254 0000001A         HMAC_IRQHandler
  255 0000001A         EXT2_IRQHandler
  256 0000001A         RNG_IRQHandler
  257 0000001A         PMU_IRQHandler
  258 0000001A         PKC_IRQHandler
  259 0000001A         XQSPI_IRQHandler
  260 0000001A         QSPI1_IRQHandler
  261 0000001A         PWR_CMD_IRQHandler
  262 0000001A         SLPTIMER_IRQHandler
  263 0000001A         COMP_IRQHandler
  264 0000001A         AON_WDT_IRQHandler
  265 0000001A         I2S_M_IRQHandler
  266 0000001A         I2S_S_IRQHandler
  267 0000001A         ISO7816_IRQHandler
  268 0000001A         PRESENT_IRQHandler
  269 0000001A         CALENDAR_IRQHandler
  270 0000001A         
  271 0000001A E7FE            B                .
  272 0000001C         
  273 0000001C                 ENDP
  274 0000001C         
  275 0000001C         
  276 0000001C                 ALIGN
  277 0000001C         
  278 0000001C                 IF               :DEF:NO_SCATTER
  305                          ENDIF                        ; NO_SCATTER
  306 0000001C         
  307 0000001C         
  308 0000001C                 END
              00000000 
              00000000 
              00000000 
Command Line: --debug --xref --diag_suppress=9931 --cpu=Cortex-M4.fp.sp --apcs=
interwork --depend=.\objects\startup_gr55xx.d -o.\objects\startup_gr55xx.o -IC:
\Keil_v5_pack\ARM\CMSIS\5.9.0\Device\ARM\ARMCM4\Include --predefine="__MICROLIB
 SETA 1" --predefine="__UVISION_VERSION SETA 537" --predefine="ARMCM4_FP SETA 1
" --list=.\listings\startup_gr55xx.lst ..\..\..\..\GR551x_SDK_V1.7.0\toolchain\
gr551x\source\arm\startup_gr55xx.s



ARM Macro Assembler    Page 1 Alphabetic symbol ordering
Relocatable symbols

RESET 00000000

Symbol: RESET
   Definitions
      At line 73 in file ..\..\..\..\GR551x_SDK_V1.7.0\toolchain\gr551x\source\
arm\startup_gr55xx.s
   Uses
      None
Comment: RESET unused
__Vectors 00000000

Symbol: __Vectors
   Definitions
      At line 90 in file ..\..\..\..\GR551x_SDK_V1.7.0\toolchain\gr551x\source\
arm\startup_gr55xx.s
   Uses
      At line 74 in file ..\..\..\..\GR551x_SDK_V1.7.0\toolchain\gr551x\source\
arm\startup_gr55xx.s
      At line 148 in file ..\..\..\..\GR551x_SDK_V1.7.0\toolchain\gr551x\source
\arm\startup_gr55xx.s

__Vectors_End 000000C8

Symbol: __Vectors_End
   Definitions
      At line 146 in file ..\..\..\..\GR551x_SDK_V1.7.0\toolchain\gr551x\source
\arm\startup_gr55xx.s
   Uses
      At line 75 in file ..\..\..\..\GR551x_SDK_V1.7.0\toolchain\gr551x\source\
arm\startup_gr55xx.s
      At line 148 in file ..\..\..\..\GR551x_SDK_V1.7.0\toolchain\gr551x\source
\arm\startup_gr55xx.s

3 symbols



ARM Macro Assembler    Page 1 Alphabetic symbol ordering
Relocatable symbols

.text 00000000

Symbol: .text
   Definitions
      At line 150 in file ..\..\..\..\GR551x_SDK_V1.7.0\toolchain\gr551x\source
\arm\startup_gr55xx.s
   Uses
      None
Comment: .text unused
AES_IRQHandler 0000001A

Symbol: AES_IRQHandler
   Definitions
      At line 253 in file ..\..\..\..\GR551x_SDK_V1.7.0\toolchain\gr551x\source
\arm\startup_gr55xx.s
   Uses
      At line 127 in file ..\..\..\..\GR551x_SDK_V1.7.0\toolchain\gr551x\source
\arm\startup_gr55xx.s
      At line 220 in file ..\..\..\..\GR551x_SDK_V1.7.0\toolchain\gr551x\source
\arm\startup_gr55xx.s

AON_WDT_IRQHandler 0000001A

Symbol: AON_WDT_IRQHandler
   Definitions
      At line 264 in file ..\..\..\..\GR551x_SDK_V1.7.0\toolchain\gr551x\source
\arm\startup_gr55xx.s
   Uses
      At line 139 in file ..\..\..\..\GR551x_SDK_V1.7.0\toolchain\gr551x\source
\arm\startup_gr55xx.s
      At line 231 in file ..\..\..\..\GR551x_SDK_V1.7.0\toolchain\gr551x\source
\arm\startup_gr55xx.s

BusFault_Handler 00000012

Symbol: BusFault_Handler
   Definitions
      At line 185 in file ..\..\..\..\GR551x_SDK_V1.7.0\toolchain\gr551x\source
\arm\startup_gr55xx.s
   Uses
      At line 98 in file ..\..\..\..\GR551x_SDK_V1.7.0\toolchain\gr551x\source\
arm\startup_gr55xx.s
      At line 186 in file ..\..\..\..\GR551x_SDK_V1.7.0\toolchain\gr551x\source
\arm\startup_gr55xx.s

CALENDAR_IRQHandler 0000001A

Symbol: CALENDAR_IRQHandler
   Definitions
      At line 269 in file ..\..\..\..\GR551x_SDK_V1.7.0\toolchain\gr551x\source
\arm\startup_gr55xx.s
   Uses
      At line 144 in file ..\..\..\..\GR551x_SDK_V1.7.0\toolchain\gr551x\source
\arm\startup_gr55xx.s
      At line 236 in file ..\..\..\..\GR551x_SDK_V1.7.0\toolchain\gr551x\source
\arm\startup_gr55xx.s

COMP_IRQHandler 0000001A




ARM Macro Assembler    Page 2 Alphabetic symbol ordering
Relocatable symbols

Symbol: COMP_IRQHandler
   Definitions
      At line 263 in file ..\..\..\..\GR551x_SDK_V1.7.0\toolchain\gr551x\source
\arm\startup_gr55xx.s
   Uses
      At line 138 in file ..\..\..\..\GR551x_SDK_V1.7.0\toolchain\gr551x\source
\arm\startup_gr55xx.s
      At line 230 in file ..\..\..\..\GR551x_SDK_V1.7.0\toolchain\gr551x\source
\arm\startup_gr55xx.s

DMA_IRQHandler 0000001A

Symbol: DMA_IRQHandler
   Definitions
      At line 240 in file ..\..\..\..\GR551x_SDK_V1.7.0\toolchain\gr551x\source
\arm\startup_gr55xx.s
   Uses
      At line 114 in file ..\..\..\..\GR551x_SDK_V1.7.0\toolchain\gr551x\source
\arm\startup_gr55xx.s
      At line 207 in file ..\..\..\..\GR551x_SDK_V1.7.0\toolchain\gr551x\source
\arm\startup_gr55xx.s

DUAL_TIMER_IRQHandler 0000001A

Symbol: DUAL_TIMER_IRQHandler
   Definitions
      At line 247 in file ..\..\..\..\GR551x_SDK_V1.7.0\toolchain\gr551x\source
\arm\startup_gr55xx.s
   Uses
      At line 121 in file ..\..\..\..\GR551x_SDK_V1.7.0\toolchain\gr551x\source
\arm\startup_gr55xx.s
      At line 214 in file ..\..\..\..\GR551x_SDK_V1.7.0\toolchain\gr551x\source
\arm\startup_gr55xx.s

DebugMon_Handler 00000016

Symbol: DebugMon_Handler
   Definitions
      At line 195 in file ..\..\..\..\GR551x_SDK_V1.7.0\toolchain\gr551x\source
\arm\startup_gr55xx.s
   Uses
      At line 105 in file ..\..\..\..\GR551x_SDK_V1.7.0\toolchain\gr551x\source
\arm\startup_gr55xx.s
      At line 196 in file ..\..\..\..\GR551x_SDK_V1.7.0\toolchain\gr551x\source
\arm\startup_gr55xx.s

Default_Handler 0000001A

Symbol: Default_Handler
   Definitions
      At line 204 in file ..\..\..\..\GR551x_SDK_V1.7.0\toolchain\gr551x\source
\arm\startup_gr55xx.s
   Uses
      At line 206 in file ..\..\..\..\GR551x_SDK_V1.7.0\toolchain\gr551x\source
\arm\startup_gr55xx.s
Comment: Default_Handler used once
EXT0_IRQHandler 0000001A

Symbol: EXT0_IRQHandler



ARM Macro Assembler    Page 3 Alphabetic symbol ordering
Relocatable symbols

   Definitions
      At line 243 in file ..\..\..\..\GR551x_SDK_V1.7.0\toolchain\gr551x\source
\arm\startup_gr55xx.s
   Uses
      At line 117 in file ..\..\..\..\GR551x_SDK_V1.7.0\toolchain\gr551x\source
\arm\startup_gr55xx.s
      At line 210 in file ..\..\..\..\GR551x_SDK_V1.7.0\toolchain\gr551x\source
\arm\startup_gr55xx.s

EXT1_IRQHandler 0000001A

Symbol: EXT1_IRQHandler
   Definitions
      At line 244 in file ..\..\..\..\GR551x_SDK_V1.7.0\toolchain\gr551x\source
\arm\startup_gr55xx.s
   Uses
      At line 118 in file ..\..\..\..\GR551x_SDK_V1.7.0\toolchain\gr551x\source
\arm\startup_gr55xx.s
      At line 211 in file ..\..\..\..\GR551x_SDK_V1.7.0\toolchain\gr551x\source
\arm\startup_gr55xx.s

EXT2_IRQHandler 0000001A

Symbol: EXT2_IRQHandler
   Definitions
      At line 255 in file ..\..\..\..\GR551x_SDK_V1.7.0\toolchain\gr551x\source
\arm\startup_gr55xx.s
   Uses
      At line 129 in file ..\..\..\..\GR551x_SDK_V1.7.0\toolchain\gr551x\source
\arm\startup_gr55xx.s
      At line 222 in file ..\..\..\..\GR551x_SDK_V1.7.0\toolchain\gr551x\source
\arm\startup_gr55xx.s

HMAC_IRQHandler 0000001A

Symbol: HMAC_IRQHandler
   Definitions
      At line 254 in file ..\..\..\..\GR551x_SDK_V1.7.0\toolchain\gr551x\source
\arm\startup_gr55xx.s
   Uses
      At line 128 in file ..\..\..\..\GR551x_SDK_V1.7.0\toolchain\gr551x\source
\arm\startup_gr55xx.s
      At line 221 in file ..\..\..\..\GR551x_SDK_V1.7.0\toolchain\gr551x\source
\arm\startup_gr55xx.s

HardFault_Handler 0000000E

Symbol: HardFault_Handler
   Definitions
      At line 175 in file ..\..\..\..\GR551x_SDK_V1.7.0\toolchain\gr551x\source
\arm\startup_gr55xx.s
   Uses
      At line 96 in file ..\..\..\..\GR551x_SDK_V1.7.0\toolchain\gr551x\source\
arm\startup_gr55xx.s
      At line 176 in file ..\..\..\..\GR551x_SDK_V1.7.0\toolchain\gr551x\source
\arm\startup_gr55xx.s

I2C0_IRQHandler 0000001A




ARM Macro Assembler    Page 4 Alphabetic symbol ordering
Relocatable symbols

Symbol: I2C0_IRQHandler
   Definitions
      At line 251 in file ..\..\..\..\GR551x_SDK_V1.7.0\toolchain\gr551x\source
\arm\startup_gr55xx.s
   Uses
      At line 125 in file ..\..\..\..\GR551x_SDK_V1.7.0\toolchain\gr551x\source
\arm\startup_gr55xx.s
      At line 218 in file ..\..\..\..\GR551x_SDK_V1.7.0\toolchain\gr551x\source
\arm\startup_gr55xx.s

I2C1_IRQHandler 0000001A

Symbol: I2C1_IRQHandler
   Definitions
      At line 252 in file ..\..\..\..\GR551x_SDK_V1.7.0\toolchain\gr551x\source
\arm\startup_gr55xx.s
   Uses
      At line 126 in file ..\..\..\..\GR551x_SDK_V1.7.0\toolchain\gr551x\source
\arm\startup_gr55xx.s
      At line 219 in file ..\..\..\..\GR551x_SDK_V1.7.0\toolchain\gr551x\source
\arm\startup_gr55xx.s

I2S_M_IRQHandler 0000001A

Symbol: I2S_M_IRQHandler
   Definitions
      At line 265 in file ..\..\..\..\GR551x_SDK_V1.7.0\toolchain\gr551x\source
\arm\startup_gr55xx.s
   Uses
      At line 140 in file ..\..\..\..\GR551x_SDK_V1.7.0\toolchain\gr551x\source
\arm\startup_gr55xx.s
      At line 232 in file ..\..\..\..\GR551x_SDK_V1.7.0\toolchain\gr551x\source
\arm\startup_gr55xx.s

I2S_S_IRQHandler 0000001A

Symbol: I2S_S_IRQHandler
   Definitions
      At line 266 in file ..\..\..\..\GR551x_SDK_V1.7.0\toolchain\gr551x\source
\arm\startup_gr55xx.s
   Uses
      At line 141 in file ..\..\..\..\GR551x_SDK_V1.7.0\toolchain\gr551x\source
\arm\startup_gr55xx.s
      At line 233 in file ..\..\..\..\GR551x_SDK_V1.7.0\toolchain\gr551x\source
\arm\startup_gr55xx.s

ISO7816_IRQHandler 0000001A

Symbol: ISO7816_IRQHandler
   Definitions
      At line 267 in file ..\..\..\..\GR551x_SDK_V1.7.0\toolchain\gr551x\source
\arm\startup_gr55xx.s
   Uses
      At line 142 in file ..\..\..\..\GR551x_SDK_V1.7.0\toolchain\gr551x\source
\arm\startup_gr55xx.s
      At line 234 in file ..\..\..\..\GR551x_SDK_V1.7.0\toolchain\gr551x\source
\arm\startup_gr55xx.s

MemManage_Handler 00000010



ARM Macro Assembler    Page 5 Alphabetic symbol ordering
Relocatable symbols


Symbol: MemManage_Handler
   Definitions
      At line 180 in file ..\..\..\..\GR551x_SDK_V1.7.0\toolchain\gr551x\source
\arm\startup_gr55xx.s
   Uses
      At line 97 in file ..\..\..\..\GR551x_SDK_V1.7.0\toolchain\gr551x\source\
arm\startup_gr55xx.s
      At line 181 in file ..\..\..\..\GR551x_SDK_V1.7.0\toolchain\gr551x\source
\arm\startup_gr55xx.s

NMI_Handler 0000000C

Symbol: NMI_Handler
   Definitions
      At line 170 in file ..\..\..\..\GR551x_SDK_V1.7.0\toolchain\gr551x\source
\arm\startup_gr55xx.s
   Uses
      At line 95 in file ..\..\..\..\GR551x_SDK_V1.7.0\toolchain\gr551x\source\
arm\startup_gr55xx.s
      At line 171 in file ..\..\..\..\GR551x_SDK_V1.7.0\toolchain\gr551x\source
\arm\startup_gr55xx.s

PKC_IRQHandler 0000001A

Symbol: PKC_IRQHandler
   Definitions
      At line 258 in file ..\..\..\..\GR551x_SDK_V1.7.0\toolchain\gr551x\source
\arm\startup_gr55xx.s
   Uses
      At line 132 in file ..\..\..\..\GR551x_SDK_V1.7.0\toolchain\gr551x\source
\arm\startup_gr55xx.s
      At line 225 in file ..\..\..\..\GR551x_SDK_V1.7.0\toolchain\gr551x\source
\arm\startup_gr55xx.s

PMU_IRQHandler 0000001A

Symbol: PMU_IRQHandler
   Definitions
      At line 257 in file ..\..\..\..\GR551x_SDK_V1.7.0\toolchain\gr551x\source
\arm\startup_gr55xx.s
   Uses
      At line 131 in file ..\..\..\..\GR551x_SDK_V1.7.0\toolchain\gr551x\source
\arm\startup_gr55xx.s
      At line 224 in file ..\..\..\..\GR551x_SDK_V1.7.0\toolchain\gr551x\source
\arm\startup_gr55xx.s

PRESENT_IRQHandler 0000001A

Symbol: PRESENT_IRQHandler
   Definitions
      At line 268 in file ..\..\..\..\GR551x_SDK_V1.7.0\toolchain\gr551x\source
\arm\startup_gr55xx.s
   Uses
      At line 143 in file ..\..\..\..\GR551x_SDK_V1.7.0\toolchain\gr551x\source
\arm\startup_gr55xx.s
      At line 235 in file ..\..\..\..\GR551x_SDK_V1.7.0\toolchain\gr551x\source
\arm\startup_gr55xx.s




ARM Macro Assembler    Page 6 Alphabetic symbol ordering
Relocatable symbols

PWR_CMD_IRQHandler 0000001A

Symbol: PWR_CMD_IRQHandler
   Definitions
      At line 261 in file ..\..\..\..\GR551x_SDK_V1.7.0\toolchain\gr551x\source
\arm\startup_gr55xx.s
   Uses
      At line 135 in file ..\..\..\..\GR551x_SDK_V1.7.0\toolchain\gr551x\source
\arm\startup_gr55xx.s
      At line 228 in file ..\..\..\..\GR551x_SDK_V1.7.0\toolchain\gr551x\source
\arm\startup_gr55xx.s

PendSV_Handler 00000018

Symbol: PendSV_Handler
   Definitions
      At line 199 in file ..\..\..\..\GR551x_SDK_V1.7.0\toolchain\gr551x\source
\arm\startup_gr55xx.s
   Uses
      At line 107 in file ..\..\..\..\GR551x_SDK_V1.7.0\toolchain\gr551x\source
\arm\startup_gr55xx.s
      At line 200 in file ..\..\..\..\GR551x_SDK_V1.7.0\toolchain\gr551x\source
\arm\startup_gr55xx.s

QSPI0_IRQHandler 0000001A

Symbol: QSPI0_IRQHandler
   Definitions
      At line 248 in file ..\..\..\..\GR551x_SDK_V1.7.0\toolchain\gr551x\source
\arm\startup_gr55xx.s
   Uses
      At line 122 in file ..\..\..\..\GR551x_SDK_V1.7.0\toolchain\gr551x\source
\arm\startup_gr55xx.s
      At line 215 in file ..\..\..\..\GR551x_SDK_V1.7.0\toolchain\gr551x\source
\arm\startup_gr55xx.s

QSPI1_IRQHandler 0000001A

Symbol: QSPI1_IRQHandler
   Definitions
      At line 260 in file ..\..\..\..\GR551x_SDK_V1.7.0\toolchain\gr551x\source
\arm\startup_gr55xx.s
   Uses
      At line 134 in file ..\..\..\..\GR551x_SDK_V1.7.0\toolchain\gr551x\source
\arm\startup_gr55xx.s
      At line 227 in file ..\..\..\..\GR551x_SDK_V1.7.0\toolchain\gr551x\source
\arm\startup_gr55xx.s

RNG_IRQHandler 0000001A

Symbol: RNG_IRQHandler
   Definitions
      At line 256 in file ..\..\..\..\GR551x_SDK_V1.7.0\toolchain\gr551x\source
\arm\startup_gr55xx.s
   Uses
      At line 130 in file ..\..\..\..\GR551x_SDK_V1.7.0\toolchain\gr551x\source
\arm\startup_gr55xx.s
      At line 223 in file ..\..\..\..\GR551x_SDK_V1.7.0\toolchain\gr551x\source
\arm\startup_gr55xx.s



ARM Macro Assembler    Page 7 Alphabetic symbol ordering
Relocatable symbols


Reset_Handler 00000000

Symbol: Reset_Handler
   Definitions
      At line 155 in file ..\..\..\..\GR551x_SDK_V1.7.0\toolchain\gr551x\source
\arm\startup_gr55xx.s
   Uses
      At line 94 in file ..\..\..\..\GR551x_SDK_V1.7.0\toolchain\gr551x\source\
arm\startup_gr55xx.s
      At line 156 in file ..\..\..\..\GR551x_SDK_V1.7.0\toolchain\gr551x\source
\arm\startup_gr55xx.s

SLPTIMER_IRQHandler 0000001A

Symbol: SLPTIMER_IRQHandler
   Definitions
      At line 262 in file ..\..\..\..\GR551x_SDK_V1.7.0\toolchain\gr551x\source
\arm\startup_gr55xx.s
   Uses
      At line 137 in file ..\..\..\..\GR551x_SDK_V1.7.0\toolchain\gr551x\source
\arm\startup_gr55xx.s
      At line 229 in file ..\..\..\..\GR551x_SDK_V1.7.0\toolchain\gr551x\source
\arm\startup_gr55xx.s

SPI_M_IRQHandler 0000001A

Symbol: SPI_M_IRQHandler
   Definitions
      At line 241 in file ..\..\..\..\GR551x_SDK_V1.7.0\toolchain\gr551x\source
\arm\startup_gr55xx.s
   Uses
      At line 115 in file ..\..\..\..\GR551x_SDK_V1.7.0\toolchain\gr551x\source
\arm\startup_gr55xx.s
      At line 208 in file ..\..\..\..\GR551x_SDK_V1.7.0\toolchain\gr551x\source
\arm\startup_gr55xx.s

SPI_S_IRQHandler 0000001A

Symbol: SPI_S_IRQHandler
   Definitions
      At line 242 in file ..\..\..\..\GR551x_SDK_V1.7.0\toolchain\gr551x\source
\arm\startup_gr55xx.s
   Uses
      At line 116 in file ..\..\..\..\GR551x_SDK_V1.7.0\toolchain\gr551x\source
\arm\startup_gr55xx.s
      At line 209 in file ..\..\..\..\GR551x_SDK_V1.7.0\toolchain\gr551x\source
\arm\startup_gr55xx.s

TIMER0_IRQHandler 0000001A

Symbol: TIMER0_IRQHandler
   Definitions
      At line 245 in file ..\..\..\..\GR551x_SDK_V1.7.0\toolchain\gr551x\source
\arm\startup_gr55xx.s
   Uses
      At line 119 in file ..\..\..\..\GR551x_SDK_V1.7.0\toolchain\gr551x\source
\arm\startup_gr55xx.s
      At line 212 in file ..\..\..\..\GR551x_SDK_V1.7.0\toolchain\gr551x\source



ARM Macro Assembler    Page 8 Alphabetic symbol ordering
Relocatable symbols

\arm\startup_gr55xx.s

TIMER1_IRQHandler 0000001A

Symbol: TIMER1_IRQHandler
   Definitions
      At line 246 in file ..\..\..\..\GR551x_SDK_V1.7.0\toolchain\gr551x\source
\arm\startup_gr55xx.s
   Uses
      At line 120 in file ..\..\..\..\GR551x_SDK_V1.7.0\toolchain\gr551x\source
\arm\startup_gr55xx.s
      At line 213 in file ..\..\..\..\GR551x_SDK_V1.7.0\toolchain\gr551x\source
\arm\startup_gr55xx.s

UART0_IRQHandler 0000001A

Symbol: UART0_IRQHandler
   Definitions
      At line 249 in file ..\..\..\..\GR551x_SDK_V1.7.0\toolchain\gr551x\source
\arm\startup_gr55xx.s
   Uses
      At line 123 in file ..\..\..\..\GR551x_SDK_V1.7.0\toolchain\gr551x\source
\arm\startup_gr55xx.s
      At line 216 in file ..\..\..\..\GR551x_SDK_V1.7.0\toolchain\gr551x\source
\arm\startup_gr55xx.s

UART1_IRQHandler 0000001A

Symbol: UART1_IRQHandler
   Definitions
      At line 250 in file ..\..\..\..\GR551x_SDK_V1.7.0\toolchain\gr551x\source
\arm\startup_gr55xx.s
   Uses
      At line 124 in file ..\..\..\..\GR551x_SDK_V1.7.0\toolchain\gr551x\source
\arm\startup_gr55xx.s
      At line 217 in file ..\..\..\..\GR551x_SDK_V1.7.0\toolchain\gr551x\source
\arm\startup_gr55xx.s

UsageFault_Handler 00000014

Symbol: UsageFault_Handler
   Definitions
      At line 190 in file ..\..\..\..\GR551x_SDK_V1.7.0\toolchain\gr551x\source
\arm\startup_gr55xx.s
   Uses
      At line 99 in file ..\..\..\..\GR551x_SDK_V1.7.0\toolchain\gr551x\source\
arm\startup_gr55xx.s
      At line 191 in file ..\..\..\..\GR551x_SDK_V1.7.0\toolchain\gr551x\source
\arm\startup_gr55xx.s

WDT_IRQHandler 0000001A

Symbol: WDT_IRQHandler
   Definitions
      At line 239 in file ..\..\..\..\GR551x_SDK_V1.7.0\toolchain\gr551x\source
\arm\startup_gr55xx.s
   Uses
      At line 111 in file ..\..\..\..\GR551x_SDK_V1.7.0\toolchain\gr551x\source
\arm\startup_gr55xx.s



ARM Macro Assembler    Page 9 Alphabetic symbol ordering
Relocatable symbols

      At line 205 in file ..\..\..\..\GR551x_SDK_V1.7.0\toolchain\gr551x\source
\arm\startup_gr55xx.s

XQSPI_IRQHandler 0000001A

Symbol: XQSPI_IRQHandler
   Definitions
      At line 259 in file ..\..\..\..\GR551x_SDK_V1.7.0\toolchain\gr551x\source
\arm\startup_gr55xx.s
   Uses
      At line 133 in file ..\..\..\..\GR551x_SDK_V1.7.0\toolchain\gr551x\source
\arm\startup_gr55xx.s
      At line 226 in file ..\..\..\..\GR551x_SDK_V1.7.0\toolchain\gr551x\source
\arm\startup_gr55xx.s

41 symbols



ARM Macro Assembler    Page 1 Alphabetic symbol ordering
Absolute symbols

__Vectors_Size 000000C8

Symbol: __Vectors_Size
   Definitions
      At line 148 in file ..\..\..\..\GR551x_SDK_V1.7.0\toolchain\gr551x\source
\arm\startup_gr55xx.s
   Uses
      At line 76 in file ..\..\..\..\GR551x_SDK_V1.7.0\toolchain\gr551x\source\
arm\startup_gr55xx.s
Comment: __Vectors_Size used once
1 symbol



ARM Macro Assembler    Page 1 Alphabetic symbol ordering
External symbols

BLESLP_IRQHandler 00000000

Symbol: BLESLP_IRQHandler
   Definitions
      At line 80 in file ..\..\..\..\GR551x_SDK_V1.7.0\toolchain\gr551x\source\
arm\startup_gr55xx.s
   Uses
      At line 136 in file ..\..\..\..\GR551x_SDK_V1.7.0\toolchain\gr551x\source
\arm\startup_gr55xx.s
Comment: BLESLP_IRQHandler used once
BLE_IRQHandler 00000000

Symbol: BLE_IRQHandler
   Definitions
      At line 79 in file ..\..\..\..\GR551x_SDK_V1.7.0\toolchain\gr551x\source\
arm\startup_gr55xx.s
   Uses
      At line 113 in file ..\..\..\..\GR551x_SDK_V1.7.0\toolchain\gr551x\source
\arm\startup_gr55xx.s
Comment: BLE_IRQHandler used once
BLE_SDK_Handler 00000000

Symbol: BLE_SDK_Handler
   Definitions
      At line 81 in file ..\..\..\..\GR551x_SDK_V1.7.0\toolchain\gr551x\source\
arm\startup_gr55xx.s
   Uses
      At line 112 in file ..\..\..\..\GR551x_SDK_V1.7.0\toolchain\gr551x\source
\arm\startup_gr55xx.s
Comment: BLE_SDK_Handler used once
Image$$ARM_LIB_STACKHEAP$$ZI$$Limit 00000000

Symbol: Image$$ARM_LIB_STACKHEAP$$ZI$$Limit
   Definitions
      At line 88 in file ..\..\..\..\GR551x_SDK_V1.7.0\toolchain\gr551x\source\
arm\startup_gr55xx.s
   Uses
      At line 90 in file ..\..\..\..\GR551x_SDK_V1.7.0\toolchain\gr551x\source\
arm\startup_gr55xx.s
Comment: Image$$ARM_LIB_STACKHEAP$$ZI$$Limit used once
SVC_Handler 00000000

Symbol: SVC_Handler
   Definitions
      At line 78 in file ..\..\..\..\GR551x_SDK_V1.7.0\toolchain\gr551x\source\
arm\startup_gr55xx.s
   Uses
      At line 104 in file ..\..\..\..\GR551x_SDK_V1.7.0\toolchain\gr551x\source
\arm\startup_gr55xx.s
Comment: SVC_Handler used once
SysTick_Handler 00000000

Symbol: SysTick_Handler
   Definitions
      At line 77 in file ..\..\..\..\GR551x_SDK_V1.7.0\toolchain\gr551x\source\
arm\startup_gr55xx.s
   Uses
      At line 108 in file ..\..\..\..\GR551x_SDK_V1.7.0\toolchain\gr551x\source
\arm\startup_gr55xx.s



ARM Macro Assembler    Page 2 Alphabetic symbol ordering
External symbols

Comment: SysTick_Handler used once
SystemInit 00000000

Symbol: SystemInit
   Definitions
      At line 157 in file ..\..\..\..\GR551x_SDK_V1.7.0\toolchain\gr551x\source
\arm\startup_gr55xx.s
   Uses
      At line 162 in file ..\..\..\..\GR551x_SDK_V1.7.0\toolchain\gr551x\source
\arm\startup_gr55xx.s
Comment: SystemInit used once
main_init 00000000

Symbol: main_init
   Definitions
      At line 159 in file ..\..\..\..\GR551x_SDK_V1.7.0\toolchain\gr551x\source
\arm\startup_gr55xx.s
   Uses
      At line 164 in file ..\..\..\..\GR551x_SDK_V1.7.0\toolchain\gr551x\source
\arm\startup_gr55xx.s
Comment: main_init used once
set_msp 00000000

Symbol: set_msp
   Definitions
      At line 158 in file ..\..\..\..\GR551x_SDK_V1.7.0\toolchain\gr551x\source
\arm\startup_gr55xx.s
   Uses
      At line 160 in file ..\..\..\..\GR551x_SDK_V1.7.0\toolchain\gr551x\source
\arm\startup_gr55xx.s
Comment: set_msp used once
9 symbols
396 symbols in table
